c:\users\stewart1999\source\repos\c--complier\c--complier\uic\ui_ccomplier.h
c:\users\stewart1999\source\repos\c--complier\c--complier\x64\debug\rcc\qrc_ccomplier.cpp
c:\users\stewart1999\source\repos\c--complier\c--complier\x64\debug\moc\moc_ccomplier.cpp
c:\users\stewart1999\source\repos\c--complier\c--complier\x64\debug\ccomplier.obj
c:\users\stewart1999\source\repos\c--complier\c--complier\x64\debug\main.obj
c:\users\stewart1999\source\repos\c--complier\c--complier\x64\debug\moc_ccomplier.obj
c:\users\stewart1999\source\repos\c--complier\c--complier\x64\debug\qrc_ccomplier.obj
c:\users\stewart1999\source\repos\c--complier\c--complier\x64\debug\vc142.pdb
c:\users\stewart1999\source\repos\c--complier\c--complier\x64\debug\global.obj
c:\users\stewart1999\source\repos\c--complier\c--complier\x64\debug\pretreat.obj
c:\users\stewart1999\source\repos\c--complier\c--complier\x64\debug\lexical-analysis.obj
c:\users\stewart1999\source\repos\c--complier\c--complier\x64\debug\compiler-main.obj
c:\users\stewart1999\source\repos\c--complier\c--complier\x64\debug\symbol.obj
c:\users\stewart1999\source\repos\c--complier\c--complier\x64\debug\optimize.obj
c:\users\stewart1999\source\repos\c--complier\c--complier\x64\debug\grammar-analysis.obj
c:\users\stewart1999\source\repos\c--complier\x64\debug\c--complier.exe
c:\users\stewart1999\source\repos\c--complier\x64\debug\c--complier.ilk
c:\users\stewart1999\source\repos\c--complier\x64\debug\c--complier.pdb
c:\users\stewart1999\source\repos\c--complier\c--complier\x64\debug\\moc\moc_ccomplier.cpp
c:\users\stewart1999\source\repos\c--complier\c--complier\x64\debug\\rcc\qrc_ccomplier.cpp
c:\users\stewart1999\source\repos\c--complier\c--complier\x64\debug\c--complier.tlog\c--complier.write.1u.tlog
c:\users\stewart1999\source\repos\c--complier\c--complier\x64\debug\c--complier.tlog\cl.command.1.tlog
c:\users\stewart1999\source\repos\c--complier\c--complier\x64\debug\c--complier.tlog\cl.read.1.tlog
c:\users\stewart1999\source\repos\c--complier\c--complier\x64\debug\c--complier.tlog\cl.write.1.tlog
c:\users\stewart1999\source\repos\c--complier\c--complier\x64\debug\c--complier.tlog\link.18700.delete.1.tlog
c:\users\stewart1999\source\repos\c--complier\c--complier\x64\debug\c--complier.tlog\link.19804.delete.1.tlog
c:\users\stewart1999\source\repos\c--complier\c--complier\x64\debug\c--complier.tlog\link.20716.delete.1.tlog
c:\users\stewart1999\source\repos\c--complier\c--complier\x64\debug\c--complier.tlog\link.896.delete.1.tlog
c:\users\stewart1999\source\repos\c--complier\c--complier\x64\debug\c--complier.tlog\link.command.1.tlog
c:\users\stewart1999\source\repos\c--complier\c--complier\x64\debug\c--complier.tlog\link.delete.1.tlog
c:\users\stewart1999\source\repos\c--complier\c--complier\x64\debug\c--complier.tlog\link.read.1.tlog
c:\users\stewart1999\source\repos\c--complier\c--complier\x64\debug\c--complier.tlog\link.write.1.tlog
c:\users\stewart1999\source\repos\c--complier\c--complier\x64\debug\c--complier.tlog\moc.read.1u.tlog
c:\users\stewart1999\source\repos\c--complier\c--complier\x64\debug\c--complier.tlog\moc.write.1u.tlog
c:\users\stewart1999\source\repos\c--complier\c--complier\x64\debug\c--complier.tlog\rcc.read.1u.tlog
c:\users\stewart1999\source\repos\c--complier\c--complier\x64\debug\c--complier.tlog\rcc.write.1u.tlog
c:\users\stewart1999\source\repos\c--complier\c--complier\x64\debug\c--complier.tlog\uic.read.1u.tlog
c:\users\stewart1999\source\repos\c--complier\c--complier\x64\debug\c--complier.tlog\uic.write.1u.tlog
